[2022-04-12 13:51:51] local.ERROR: require(C:\xampp\htdocs\bufferstore\routes/api.php): failed to open stream: No such file or directory {"exception":"[object] (ErrorException(code: 0): require(C:\\xampp\\htdocs\\bufferstore\outes/api.php): failed to open stream: No such file or directory at C:\\xampp\\htdocs\\bufferstore\\vendor\\laravel\\framework\\src\\Illuminate\\Routing\\RouteFileRegistrar.php:35)
[stacktrace]
#0 C:\\xampp\\htdocs\\bufferstore\\vendor\\laravel\\framework\\src\\Illuminate\\Routing\\RouteFileRegistrar.php(35): Illuminate\\Foundation\\Bootstrap\\HandleExceptions->handleError(2, 'require(C:\\\\xamp...', 'C:\\\\xampp\\\\htdocs...', 35, Array)
#1 C:\\xampp\\htdocs\\bufferstore\\vendor\\laravel\\framework\\src\\Illuminate\\Routing\\RouteFileRegistrar.php(35): require()
#2 C:\\xampp\\htdocs\\bufferstore\\vendor\\laravel\\framework\\src\\Illuminate\\Routing\\Router.php(415): Illuminate\\Routing\\RouteFileRegistrar->register('C:\\\\xampp\\\\htdocs...')
#3 C:\\xampp\\htdocs\\bufferstore\\vendor\\laravel\\framework\\src\\Illuminate\\Routing\\Router.php(373): Illuminate\\Routing\\Router->loadRoutes('C:\\\\xampp\\\\htdocs...')
#4 C:\\xampp\\htdocs\\bufferstore\\vendor\\laravel\\framework\\src\\Illuminate\\Routing\\RouteRegistrar.php(121): Illuminate\\Routing\\Router->group(Array, 'C:\\\\xampp\\\\htdocs...')
#5 C:\\xampp\\htdocs\\bufferstore\\app\\Providers\\RouteServiceProvider.php(71): Illuminate\\Routing\\RouteRegistrar->group('C:\\\\xampp\\\\htdocs...')
#6 C:\\xampp\\htdocs\\bufferstore\\app\\Providers\\RouteServiceProvider.php(38): App\\Providers\\RouteServiceProvider->mapApiRoutes()
#7 [internal function]: App\\Providers\\RouteServiceProvider->map()
#8 C:\\xampp\\htdocs\\bufferstore\\vendor\\laravel\\framework\\src\\Illuminate\\Container\\BoundMethod.php(32): call_user_func_array(Array, Array)
#9 C:\\xampp\\htdocs\\bufferstore\\vendor\\laravel\\framework\\src\\Illuminate\\Container\\BoundMethod.php(90): Illuminate\\Container\\BoundMethod::Illuminate\\Container\\{closure}()
#10 C:\\xampp\\htdocs\\bufferstore\\vendor\\laravel\\framework\\src\\Illuminate\\Container\\BoundMethod.php(34): Illuminate\\Container\\BoundMethod::callBoundMethod(Object(Illuminate\\Foundation\\Application), Array, Object(Closure))
#11 C:\\xampp\\htdocs\\bufferstore\\vendor\\laravel\\framework\\src\\Illuminate\\Container\\Container.php(576): Illuminate\\Container\\BoundMethod::call(Object(Illuminate\\Foundation\\Application), Array, Array, NULL)
#12 C:\\xampp\\htdocs\\bufferstore\\vendor\\laravel\\framework\\src\\Illuminate\\Foundation\\Support\\Providers\\RouteServiceProvider.php(87): Illuminate\\Container\\Container->call(Array)
#13 C:\\xampp\\htdocs\\bufferstore\\vendor\\laravel\\framework\\src\\Illuminate\\Foundation\\Support\\Providers\\RouteServiceProvider.php(36): Illuminate\\Foundation\\Support\\Providers\\RouteServiceProvider->loadRoutes()
#14 C:\\xampp\\htdocs\\bufferstore\\app\\Providers\\RouteServiceProvider.php(28): Illuminate\\Foundation\\Support\\Providers\\RouteServiceProvider->boot()
#15 [internal function]: App\\Providers\\RouteServiceProvider->boot()
#16 C:\\xampp\\htdocs\\bufferstore\\vendor\\laravel\\framework\\src\\Illuminate\\Container\\BoundMethod.php(32): call_user_func_array(Array, Array)
#17 C:\\xampp\\htdocs\\bufferstore\\vendor\\laravel\\framework\\src\\Illuminate\\Container\\BoundMethod.php(90): Illuminate\\Container\\BoundMethod::Illuminate\\Container\\{closure}()
#18 C:\\xampp\\htdocs\\bufferstore\\vendor\\laravel\\framework\\src\\Illuminate\\Container\\BoundMethod.php(34): Illuminate\\Container\\BoundMethod::callBoundMethod(Object(Illuminate\\Foundation\\Application), Array, Object(Closure))
#19 C:\\xampp\\htdocs\\bufferstore\\vendor\\laravel\\framework\\src\\Illuminate\\Container\\Container.php(576): Illuminate\\Container\\BoundMethod::call(Object(Illuminate\\Foundation\\Application), Array, Array, NULL)
#20 C:\\xampp\\htdocs\\bufferstore\\vendor\\laravel\\framework\\src\\Illuminate\\Foundation\\Application.php(827): Illuminate\\Container\\Container->call(Array)
#21 C:\\xampp\\htdocs\\bufferstore\\vendor\\laravel\\framework\\src\\Illuminate\\Foundation\\Application.php(810): Illuminate\\Foundation\\Application->bootProvider(Object(App\\Providers\\RouteServiceProvider))
#22 [internal function]: Illuminate\\Foundation\\Application->Illuminate\\Foundation\\{closure}(Object(App\\Providers\\RouteServiceProvider), 20)
#23 C:\\xampp\\htdocs\\bufferstore\\vendor\\laravel\\framework\\src\\Illuminate\\Foundation\\Application.php(811): array_walk(Array, Object(Closure))
#24 C:\\xampp\\htdocs\\bufferstore\\vendor\\laravel\\framework\\src\\Illuminate\\Foundation\\Bootstrap\\BootProviders.php(17): Illuminate\\Foundation\\Application->boot()
#25 C:\\xampp\\htdocs\\bufferstore\\vendor\\laravel\\framework\\src\\Illuminate\\Foundation\\Application.php(210): Illuminate\\Foundation\\Bootstrap\\BootProviders->bootstrap(Object(Illuminate\\Foundation\\Application))
#26 C:\\xampp\\htdocs\\bufferstore\\vendor\\laravel\\framework\\src\\Illuminate\\Foundation\\Console\\Kernel.php(322): Illuminate\\Foundation\\Application->bootstrapWith(Array)
#27 C:\\xampp\\htdocs\\bufferstore\\vendor\\laravel\\framework\\src\\Illuminate\\Foundation\\Console\\Kernel.php(131): Illuminate\\Foundation\\Console\\Kernel->bootstrap()
#28 C:\\xampp\\htdocs\\bufferstore\\artisan(37): Illuminate\\Foundation\\Console\\Kernel->handle(Object(Symfony\\Component\\Console\\Input\\ArgvInput), Object(Symfony\\Component\\Console\\Output\\ConsoleOutput))
#29 {main}
"} 
[2022-04-12 13:52:46] local.ERROR: Method Illuminate\Foundation\Console\ClosureCommand::purpose does not exist. {"exception":"[object] (BadMethodCallException(code: 0): Method Illuminate\\Foundation\\Console\\ClosureCommand::purpose does not exist. at C:\\xampp\\htdocs\\bufferstore\\vendor\\laravel\\framework\\src\\Illuminate\\Support\\Traits\\Macroable.php:104)
[stacktrace]
#0 C:\\xampp\\htdocs\\bufferstore\outes\\console.php(19): Illuminate\\Console\\Command->__call('purpose', Array)
#1 C:\\xampp\\htdocs\\bufferstore\\app\\Console\\Kernel.php(40): require('C:\\\\xampp\\\\htdocs...')
#2 C:\\xampp\\htdocs\\bufferstore\\vendor\\laravel\\framework\\src\\Illuminate\\Foundation\\Console\\Kernel.php(328): App\\Console\\Kernel->commands()
#3 C:\\xampp\\htdocs\\bufferstore\\vendor\\laravel\\framework\\src\\Illuminate\\Foundation\\Console\\Kernel.php(131): Illuminate\\Foundation\\Console\\Kernel->bootstrap()
#4 C:\\xampp\\htdocs\\bufferstore\\artisan(37): Illuminate\\Foundation\\Console\\Kernel->handle(Object(Symfony\\Component\\Console\\Input\\ArgvInput), Object(Symfony\\Component\\Console\\Output\\ConsoleOutput))
#5 {main}
"} 
[2022-04-12 14:00:27] local.ERROR: Method Illuminate\Foundation\Console\ClosureCommand::purpose does not exist. {"exception":"[object] (BadMethodCallException(code: 0): Method Illuminate\\Foundation\\Console\\ClosureCommand::purpose does not exist. at C:\\xampp\\htdocs\\bufferstore\\vendor\\laravel\\framework\\src\\Illuminate\\Support\\Traits\\Macroable.php:104)
[stacktrace]
#0 C:\\xampp\\htdocs\\bufferstore\outes\\console.php(19): Illuminate\\Console\\Command->__call('purpose', Array)
#1 C:\\xampp\\htdocs\\bufferstore\\app\\Console\\Kernel.php(40): require('C:\\\\xampp\\\\htdocs...')
#2 C:\\xampp\\htdocs\\bufferstore\\vendor\\laravel\\framework\\src\\Illuminate\\Foundation\\Console\\Kernel.php(328): App\\Console\\Kernel->commands()
#3 C:\\xampp\\htdocs\\bufferstore\\vendor\\laravel\\framework\\src\\Illuminate\\Foundation\\Console\\Kernel.php(131): Illuminate\\Foundation\\Console\\Kernel->bootstrap()
#4 C:\\xampp\\htdocs\\bufferstore\\artisan(37): Illuminate\\Foundation\\Console\\Kernel->handle(Object(Symfony\\Component\\Console\\Input\\ArgvInput), Object(Symfony\\Component\\Console\\Output\\ConsoleOutput))
#5 {main}
"} 
[2022-04-12 14:00:58] local.ERROR: Method Illuminate\Foundation\Console\ClosureCommand::purpose does not exist. {"exception":"[object] (BadMethodCallException(code: 0): Method Illuminate\\Foundation\\Console\\ClosureCommand::purpose does not exist. at C:\\xampp\\htdocs\\bufferstore\\vendor\\laravel\\framework\\src\\Illuminate\\Support\\Traits\\Macroable.php:104)
[stacktrace]
#0 C:\\xampp\\htdocs\\bufferstore\outes\\console.php(19): Illuminate\\Console\\Command->__call('purpose', Array)
#1 C:\\xampp\\htdocs\\bufferstore\\app\\Console\\Kernel.php(40): require('C:\\\\xampp\\\\htdocs...')
#2 C:\\xampp\\htdocs\\bufferstore\\vendor\\laravel\\framework\\src\\Illuminate\\Foundation\\Console\\Kernel.php(328): App\\Console\\Kernel->commands()
#3 C:\\xampp\\htdocs\\bufferstore\\vendor\\laravel\\framework\\src\\Illuminate\\Foundation\\Console\\Kernel.php(131): Illuminate\\Foundation\\Console\\Kernel->bootstrap()
#4 C:\\xampp\\htdocs\\bufferstore\\artisan(37): Illuminate\\Foundation\\Console\\Kernel->handle(Object(Symfony\\Component\\Console\\Input\\ArgvInput), Object(Symfony\\Component\\Console\\Output\\ConsoleOutput))
#5 {main}
"} 
[2022-04-12 14:03:25] local.ERROR: Method Illuminate\Foundation\Console\ClosureCommand::purpose does not exist. {"exception":"[object] (BadMethodCallException(code: 0): Method Illuminate\\Foundation\\Console\\ClosureCommand::purpose does not exist. at C:\\xampp\\htdocs\\bufferstore\\vendor\\laravel\\framework\\src\\Illuminate\\Support\\Traits\\Macroable.php:104)
[stacktrace]
#0 C:\\xampp\\htdocs\\bufferstore\outes\\console.php(19): Illuminate\\Console\\Command->__call('purpose', Array)
#1 C:\\xampp\\htdocs\\bufferstore\\app\\Console\\Kernel.php(40): require('C:\\\\xampp\\\\htdocs...')
#2 C:\\xampp\\htdocs\\bufferstore\\vendor\\laravel\\framework\\src\\Illuminate\\Foundation\\Console\\Kernel.php(328): App\\Console\\Kernel->commands()
#3 C:\\xampp\\htdocs\\bufferstore\\vendor\\laravel\\framework\\src\\Illuminate\\Foundation\\Console\\Kernel.php(131): Illuminate\\Foundation\\Console\\Kernel->bootstrap()
#4 C:\\xampp\\htdocs\\bufferstore\\artisan(37): Illuminate\\Foundation\\Console\\Kernel->handle(Object(Symfony\\Component\\Console\\Input\\ArgvInput), Object(Symfony\\Component\\Console\\Output\\ConsoleOutput))
#5 {main}
"} 
[2022-04-12 14:03:37] local.ERROR: Method Illuminate\Foundation\Console\ClosureCommand::purpose does not exist. {"exception":"[object] (BadMethodCallException(code: 0): Method Illuminate\\Foundation\\Console\\ClosureCommand::purpose does not exist. at C:\\xampp\\htdocs\\bufferstore\\vendor\\laravel\\framework\\src\\Illuminate\\Support\\Traits\\Macroable.php:104)
[stacktrace]
#0 C:\\xampp\\htdocs\\bufferstore\outes\\console.php(19): Illuminate\\Console\\Command->__call('purpose', Array)
#1 C:\\xampp\\htdocs\\bufferstore\\app\\Console\\Kernel.php(40): require('C:\\\\xampp\\\\htdocs...')
#2 C:\\xampp\\htdocs\\bufferstore\\vendor\\laravel\\framework\\src\\Illuminate\\Foundation\\Console\\Kernel.php(328): App\\Console\\Kernel->commands()
#3 C:\\xampp\\htdocs\\bufferstore\\vendor\\laravel\\framework\\src\\Illuminate\\Foundation\\Console\\Kernel.php(131): Illuminate\\Foundation\\Console\\Kernel->bootstrap()
#4 C:\\xampp\\htdocs\\bufferstore\\artisan(37): Illuminate\\Foundation\\Console\\Kernel->handle(Object(Symfony\\Component\\Console\\Input\\ArgvInput), Object(Symfony\\Component\\Console\\Output\\ConsoleOutput))
#5 {main}
"} 
